<?xml version="1.0" encoding="UTF-8"?>
<!-- Generated by org.testng.reporters.JUnitReportReporter -->
<testsuite skipped="0" hostname="bharath" name="cognizant.Mavenjava.SeleniumTest" tests="2" failures="0" timestamp="2021-12-21T11:49:14 IST" time="0.004" errors="0">
  <testcase name="selenium2" time="0.001" classname="cognizant.Mavenjava.SeleniumTest"/>
  <system-out/>
  <testcase name="selenium1" time="0.003" classname="cognizant.Mavenjava.SeleniumTest"/>
  <system-out/>
</testsuite> <!-- cognizant.Mavenjava.SeleniumTest -->
