<?xml version="1.0" encoding="UTF-8"?>
<!-- Generated by org.testng.reporters.JUnitReportReporter -->
<testsuite skipped="0" hostname="bharath" name="cognizant.Mavenjava.AppiumTest" tests="2" failures="0" timestamp="2021-12-21T11:48:56 IST" time="0.006" errors="0">
  <testcase name="appium2" time="0.000" classname="cognizant.Mavenjava.AppiumTest"/>
  <system-out/>
  <testcase name="appiumtest1" time="0.006" classname="cognizant.Mavenjava.AppiumTest"/>
  <system-out/>
</testsuite> <!-- cognizant.Mavenjava.AppiumTest -->
