<?xml version="1.0" encoding="UTF-8"?>
<!-- Generated by org.testng.reporters.JUnitReportReporter -->
<testsuite skipped="0" hostname="bharath" name="cognizant.Mavenjava.RestApiTest" tests="2" failures="0" timestamp="2021-12-21T11:49:14 IST" time="0.000" errors="0">
  <testcase name="restAPI1" time="0.000" classname="cognizant.Mavenjava.RestApiTest"/>
  <system-out/>
  <testcase name="restAPI2" time="0.000" classname="cognizant.Mavenjava.RestApiTest"/>
  <system-out/>
</testsuite> <!-- cognizant.Mavenjava.RestApiTest -->
