<?xml version="1.0" encoding="UTF-8"?>
<!-- Generated by org.testng.reporters.JUnitReportReporter -->
<testsuite hostname="bharath" failures="0" tests="1" name="test.day2" time="0.001" errors="0" timestamp="2021-12-20T11:16:13 IST" skipped="0">
  <testcase classname="test.day2" name="secclass" time="0.001"/>
  <system-out/>
</testsuite> <!-- test.day2 -->
