<?xml version="1.0" encoding="UTF-8"?>
<!-- Generated by org.testng.reporters.JUnitReportReporter -->
<testsuite hostname="bharath" failures="0" tests="1" name="test2.daytest" time="0.005" errors="0" timestamp="2021-12-24T14:53:37 IST" skipped="0">
  <testcase classname="test2.daytest" name="testing" time="0.005"/>
  <system-out/>
</testsuite> <!-- test2.daytest -->
