<?xml version="1.0" encoding="UTF-8"?>
<!-- Generated by org.testng.reporters.JUnitReportReporter -->
<testsuite hostname="bharath" failures="0" tests="5" name="test.day3" time="0.010" errors="0" timestamp="2021-12-20T11:16:13 IST" skipped="0">
  <testcase classname="test.day3" name="homeloanApi" time="0.002"/>
  <system-out/>
  <testcase classname="test.day3" name="homeloanApi" time="0.001"/>
  <system-out/>
  <testcase classname="test.day3" name="webloginhomeloan" time="0.002"/>
  <system-out/>
  <testcase classname="test.day3" name="Mobilehomeloan" time="0.003"/>
  <system-out/>
  <testcase classname="test.day3" name="homeloanApi" time="0.002"/>
  <system-out/>
</testsuite> <!-- test.day3 -->
