<?xml version="1.0" encoding="UTF-8"?>
<!-- Generated by org.testng.reporters.JUnitReportReporter -->
<testsuite hostname="bharath" failures="0" tests="7" name="StreamTest" time="0.031" errors="0" timestamp="2021-12-29T15:41:23 IST" skipped="0">
  <testcase classname="StreamTest" name="streamMap" time="0.004"/>
  <system-out/>
  <testcase classname="StreamTest" name="arraylist" time="0.013"/>
  <system-out/>
  <testcase classname="StreamTest" name="concat" time="0.004"/>
  <system-out/>
  <testcase classname="StreamTest" name="distinctAndSorted" time="0.003"/>
  <system-out/>
  <testcase classname="StreamTest" name="streamFilter" time="0.003"/>
  <system-out/>
  <testcase classname="StreamTest" name="collect" time="0.002"/>
  <system-out/>
  <testcase classname="StreamTest" name="streamMapUpper" time="0.002"/>
  <system-out/>
</testsuite> <!-- StreamTest -->
