<?xml version="1.0" encoding="UTF-8"?>
<!-- Generated by org.testng.reporters.JUnitReportReporter -->
<testsuite hostname="bharath" failures="0" tests="1" name="ExtentReport" time="22.866" errors="0" timestamp="2021-12-27T14:58:22 IST" skipped="0">
  <testcase classname="ExtentReport" name="initialDemo" time="22.866"/>
  <system-out/>
</testsuite> <!-- ExtentReport -->
